<?xml version="1.0" encoding="UTF-8"?>
<testsuite name="domain.booking.BookingServiceTest" tests="5" skipped="0" failures="0" errors="0" timestamp="2026-03-03T20:40:44.075Z" hostname="kaua-Aspire-A315-44P" time="0.021">
  <properties/>
  <testcase name="list available houses by period()" classname="domain.booking.BookingServiceTest" time="0.003"/>
  <testcase name="reject overlapping booking for same house()" classname="domain.booking.BookingServiceTest" time="0.009"/>
  <testcase name="get detailed booking information()" classname="domain.booking.BookingServiceTest" time="0.002"/>
  <testcase name="list bookings by hid and date()" classname="domain.booking.BookingServiceTest" time="0.001"/>
  <testcase name="create booking with hid and dates()" classname="domain.booking.BookingServiceTest" time="0.002"/>
  <system-out><![CDATA[]]></system-out>
  <system-err><![CDATA[]]></system-err>
</testsuite>
